# JRE version: OpenJDK Runtime Environment (7.0_79-b14) (build 1.7.0_79-b14)
# Java VM: OpenJDK 64-Bit Server VM (24.79-b02 mixed mode linux-amd64 compressed oops)
Heap
 PSYoungGen      total 22016K, used 3988K [0x00000000f2200000, 0x00000000f3c00000, 0x0000000100000000)
  eden space 17408K, 0% used [0x00000000f2200000,0x00000000f2200000,0x00000000f3300000)
  from space 4608K, 86% used [0x00000000f3300000,0x00000000f36e5070,0x00000000f3780000)
  to   space 4608K, 0% used [0x00000000f3780000,0x00000000f3780000,0x00000000f3c00000)
 ParOldGen       total 20992K, used 5836K [0x00000000d6600000, 0x00000000d7a80000, 0x00000000f2200000)
  object space 20992K, 27% used [0x00000000d6600000,0x00000000d6bb3118,0x00000000d7a80000)
 PSPermGen       total 21504K, used 18422K [0x00000000cc000000, 0x00000000cd500000, 0x00000000d6600000)
  object space 21504K, 85% used [0x00000000cc000000,0x00000000cd1fdb78,0x00000000cd500000)
GC Heap History (10 events):
Event: 0.587 GC heap after
Heap after GC invocations=2 (full 0):
 PSYoungGen      total 9728K, used 845K [0x00000000f2200000, 0x00000000f2c80000, 0x0000000100000000)
  eden space 8704K, 0% used [0x00000000f2200000,0x00000000f2200000,0x00000000f2a80000)
  from space 1024K, 82% used [0x00000000f2b80000,0x00000000f2c53630,0x00000000f2c80000)
  to   space 1024K, 0% used [0x00000000f2a80000,0x00000000f2a80000,0x00000000f2b80000)
 ParOldGen       total 20992K, used 0K [0x00000000d6600000, 0x00000000d7a80000, 0x00000000f2200000)
  object space 20992K, 0% used [0x00000000d6600000,0x00000000d6600000,0x00000000d7a80000)
 PSPermGen       total 21504K, used 3933K [0x00000000cc000000, 0x00000000cd500000, 0x00000000d6600000)
  object space 21504K, 18% used [0x00000000cc000000,0x00000000cc3d7430,0x00000000cd500000)
}
Event: 1.197 GC heap before
{Heap before GC invocations=3 (full 0):
 PSYoungGen      total 9728K, used 9549K [0x00000000f2200000, 0x00000000f2c80000, 0x0000000100000000)
  eden space 8704K, 100% used [0x00000000f2200000,0x00000000f2a80000,0x00000000f2a80000)
  from space 1024K, 82% used [0x00000000f2b80000,0x00000000f2c53630,0x00000000f2c80000)
  to   space 1024K, 0% used [0x00000000f2a80000,0x00000000f2a80000,0x00000000f2b80000)
 ParOldGen       total 20992K, used 0K [0x00000000d6600000, 0x00000000d7a80000, 0x00000000f2200000)
  object space 20992K, 0% used [0x00000000d6600000,0x00000000d6600000,0x00000000d7a80000)
 PSPermGen       total 21504K, used 7860K [0x00000000cc000000, 0x00000000cd500000, 0x00000000d6600000)
  object space 21504K, 36% used [0x00000000cc000000,0x00000000cc7ad358,0x00000000cd500000)
Event: 1.201 GC heap after
Heap after GC invocations=3 (full 0):
 PSYoungGen      total 9728K, used 999K [0x00000000f2200000, 0x00000000f2c80000, 0x0000000100000000)
  eden space 8704K, 0% used [0x00000000f2200000,0x00000000f2200000,0x00000000f2a80000)
  from space 1024K, 97% used [0x00000000f2a80000,0x00000000f2b79c80,0x00000000f2b80000)
  to   space 1024K, 0% used [0x00000000f2b80000,0x00000000f2b80000,0x00000000f2c80000)
 ParOldGen       total 20992K, used 1355K [0x00000000d6600000, 0x00000000d7a80000, 0x00000000f2200000)
  object space 20992K, 6% used [0x00000000d6600000,0x00000000d6752dc0,0x00000000d7a80000)
 PSPermGen       total 21504K, used 7860K [0x00000000cc000000, 0x00000000cd500000, 0x00000000d6600000)
  object space 21504K, 36% used [0x00000000cc000000,0x00000000cc7ad358,0x00000000cd500000)
}
Event: 1.647 GC heap before
{Heap before GC invocations=4 (full 0):
 PSYoungGen      total 9728K, used 9703K [0x00000000f2200000, 0x00000000f2c80000, 0x0000000100000000)
  eden space 8704K, 100% used [0x00000000f2200000,0x00000000f2a80000,0x00000000f2a80000)
  from space 1024K, 97% used [0x00000000f2a80000,0x00000000f2b79c80,0x00000000f2b80000)
  to   space 1024K, 0% used [0x00000000f2b80000,0x00000000f2b80000,0x00000000f2c80000)
 ParOldGen       total 20992K, used 1355K [0x00000000d6600000, 0x00000000d7a80000, 0x00000000f2200000)
  object space 20992K, 6% used [0x00000000d6600000,0x00000000d6752dc0,0x00000000d7a80000)
 PSPermGen       total 21504K, used 9995K [0x00000000cc000000, 0x00000000cd500000, 0x00000000d6600000)
  object space 21504K, 46% used [0x00000000cc000000,0x00000000cc9c2fa8,0x00000000cd500000)
Event: 1.656 GC heap after
Heap after GC invocations=4 (full 0):
 PSYoungGen      total 9728K, used 999K [0x00000000f2200000, 0x00000000f2c80000, 0x0000000100000000)
  eden space 8704K, 0% used [0x00000000f2200000,0x00000000f2200000,0x00000000f2a80000)
  from space 1024K, 97% used [0x00000000f2b80000,0x00000000f2c79c80,0x00000000f2c80000)
  to   space 1024K, 0% used [0x00000000f2a80000,0x00000000f2a80000,0x00000000f2b80000)
 ParOldGen       total 20992K, used 2937K [0x00000000d6600000, 0x00000000d7a80000, 0x00000000f2200000)
  object space 20992K, 13% used [0x00000000d6600000,0x00000000d68de548,0x00000000d7a80000)
 PSPermGen       total 21504K, used 9995K [0x00000000cc000000, 0x00000000cd500000, 0x00000000d6600000)
  object space 21504K, 46% used [0x00000000cc000000,0x00000000cc9c2fa8,0x00000000cd500000)
}
Event: 2.767 GC heap before
{Heap before GC invocations=5 (full 0):
 PSYoungGen      total 9728K, used 9703K [0x00000000f2200000, 0x00000000f2c80000, 0x0000000100000000)
  eden space 8704K, 100% used [0x00000000f2200000,0x00000000f2a80000,0x00000000f2a80000)
  from space 1024K, 97% used [0x00000000f2b80000,0x00000000f2c79c80,0x00000000f2c80000)
  to   space 1024K, 0% used [0x00000000f2a80000,0x00000000f2a80000,0x00000000f2b80000)
 ParOldGen       total 20992K, used 2937K [0x00000000d6600000, 0x00000000d7a80000, 0x00000000f2200000)
  object space 20992K, 13% used [0x00000000d6600000,0x00000000d68de548,0x00000000d7a80000)
 PSPermGen       total 21504K, used 12936K [0x00000000cc000000, 0x00000000cd500000, 0x00000000d6600000)
  object space 21504K, 60% used [0x00000000cc000000,0x00000000ccca2078,0x00000000cd500000)
Event: 2.792 GC heap after
Heap after GC invocations=5 (full 0):
 PSYoungGen      total 9728K, used 1015K [0x00000000f2200000, 0x00000000f3c00000, 0x0000000100000000)
  eden space 8704K, 0% used [0x00000000f2200000,0x00000000f2200000,0x00000000f2a80000)
  from space 1024K, 99% used [0x00000000f2a80000,0x00000000f2b7dca0,0x00000000f2b80000)
  to   space 4608K, 0% used [0x00000000f3780000,0x00000000f3780000,0x00000000f3c00000)
 ParOldGen       total 20992K, used 5573K [0x00000000d6600000, 0x00000000d7a80000, 0x00000000f2200000)
  object space 20992K, 26% used [0x00000000d6600000,0x00000000d6b71458,0x00000000d7a80000)
 PSPermGen       total 21504K, used 12936K [0x00000000cc000000, 0x00000000cd500000, 0x00000000d6600000)
  object space 21504K, 60% used [0x00000000cc000000,0x00000000ccca2078,0x00000000cd500000)
}
Event: 3.535 GC heap before
{Heap before GC invocations=6 (full 0):
 PSYoungGen      total 9728K, used 9719K [0x00000000f2200000, 0x00000000f3c00000, 0x0000000100000000)
  eden space 8704K, 100% used [0x00000000f2200000,0x00000000f2a80000,0x00000000f2a80000)
  from space 1024K, 99% used [0x00000000f2a80000,0x00000000f2b7dca0,0x00000000f2b80000)
  to   space 4608K, 0% used [0x00000000f3780000,0x00000000f3780000,0x00000000f3c00000)
 ParOldGen       total 20992K, used 5573K [0x00000000d6600000, 0x00000000d7a80000, 0x00000000f2200000)
  object space 20992K, 26% used [0x00000000d6600000,0x00000000d6b71458,0x00000000d7a80000)
 PSPermGen       total 21504K, used 14843K [0x00000000cc000000, 0x00000000cd500000, 0x00000000d6600000)
  object space 21504K, 69% used [0x00000000cc000000,0x00000000cce7ec98,0x00000000cd500000)
Event: 3.560 GC heap after
Heap after GC invocations=6 (full 0):
 PSYoungGen      total 22016K, used 2413K [0x00000000f2200000, 0x00000000f3c00000, 0x0000000100000000)
  eden space 17408K, 0% used [0x00000000f2200000,0x00000000f2200000,0x00000000f3300000)
  from space 4608K, 52% used [0x00000000f3780000,0x00000000f39db670,0x00000000f3c00000)
  to   space 4608K, 0% used [0x00000000f3300000,0x00000000f3300000,0x00000000f3780000)
 ParOldGen       total 20992K, used 5573K [0x00000000d6600000, 0x00000000d7a80000, 0x00000000f2200000)
  object space 20992K, 26% used [0x00000000d6600000,0x00000000d6b71458,0x00000000d7a80000)
 PSPermGen       total 21504K, used 14843K [0x00000000cc000000, 0x00000000cd500000, 0x00000000d6600000)
  object space 21504K, 69% used [0x00000000cc000000,0x00000000cce7ec98,0x00000000cd500000)
}
Event: 32.619 GC heap before
{Heap before GC invocations=7 (full 0):
 PSYoungGen      total 22016K, used 19821K [0x00000000f2200000, 0x00000000f3c00000, 0x0000000100000000)
  eden space 17408K, 100% used [0x00000000f2200000,0x00000000f3300000,0x00000000f3300000)
  from space 4608K, 52% used [0x00000000f3780000,0x00000000f39db670,0x00000000f3c00000)
  to   space 4608K, 0% used [0x00000000f3300000,0x00000000f3300000,0x00000000f3780000)
 ParOldGen       total 20992K, used 5573K [0x00000000d6600000, 0x00000000d7a80000, 0x00000000f2200000)
  object space 20992K, 26% used [0x00000000d6600000,0x00000000d6b71458,0x00000000d7a80000)
 PSPermGen       total 21504K, used 18422K [0x00000000cc000000, 0x00000000cd500000, 0x00000000d6600000)
  object space 21504K, 85% used [0x00000000cc000000,0x00000000cd1fdb78,0x00000000cd500000)

